# JRE version: OpenJDK Runtime Environment (8.0_242-b01) (build 1.8.0_242-release-1644-b01)
# Java VM: OpenJDK 64-Bit Server VM (25.242-b01 mixed mode windows-amd64 compressed oops)
Heap:
 PSYoungGen      total 243200K, used 127909K [0x00000000e0000000, 0x00000000f4100000, 0x0000000100000000)
  eden space 224768K, 48% used [0x00000000e0000000,0x00000000e6ae9710,0x00000000edb80000)
  from space 18432K, 100% used [0x00000000edb80000,0x00000000eed80000,0x00000000eed80000)
  to   space 29696K, 0% used [0x00000000f2400000,0x00000000f2400000,0x00000000f4100000)
 ParOldGen       total 104448K, used 60944K [0x00000000a0000000, 0x00000000a6600000, 0x00000000e0000000)
  object space 104448K, 58% used [0x00000000a0000000,0x00000000a3b84228,0x00000000a6600000)
 Metaspace       used 72510K, capacity 77480K, committed 77696K, reserved 1116160K
  class space    used 9989K, capacity 11064K, committed 11136K, reserved 1048576K
GC Heap History (10 events):
Event: 37.434 GC heap before
{Heap before GC invocations=16 (full 2):
 PSYoungGen      total 140288K, used 140273K [0x00000000e0000000, 0x00000000ec200000, 0x0000000100000000)
  eden space 128512K, 100% used [0x00000000e0000000,0x00000000e7d80000,0x00000000e7d80000)
  from space 11776K, 99% used [0x00000000e7d80000,0x00000000e88fc700,0x00000000e8900000)
  to   space 14848K, 0% used [0x00000000eb380000,0x00000000eb380000,0x00000000ec200000)
 ParOldGen       total 69632K, used 18808K [0x00000000a0000000, 0x00000000a4400000, 0x00000000e0000000)
  object space 69632K, 27% used [0x00000000a0000000,0x00000000a125e378,0x00000000a4400000)
 Metaspace       used 54110K, capacity 56260K, committed 56448K, reserved 1097728K
  class space    used 7208K, capacity 7695K, committed 7808K, reserved 1048576K
Event: 37.465 GC heap after
Heap after GC invocations=16 (full 2):
 PSYoungGen      total 182784K, used 12335K [0x00000000e0000000, 0x00000000ecb80000, 0x0000000100000000)
  eden space 167936K, 0% used [0x00000000e0000000,0x00000000e0000000,0x00000000ea400000)
  from space 14848K, 83% used [0x00000000eb380000,0x00000000ebf8bf50,0x00000000ec200000)
  to   space 15872K, 0% used [0x00000000ea400000,0x00000000ea400000,0x00000000eb380000)
 ParOldGen       total 69632K, used 24723K [0x00000000a0000000, 0x00000000a4400000, 0x00000000e0000000)
  object space 69632K, 35% used [0x00000000a0000000,0x00000000a1824f38,0x00000000a4400000)
 Metaspace       used 54110K, capacity 56260K, committed 56448K, reserved 1097728K
  class space    used 7208K, capacity 7695K, committed 7808K, reserved 1048576K
}
Event: 38.770 GC heap before
{Heap before GC invocations=17 (full 2):
 PSYoungGen      total 182784K, used 83016K [0x00000000e0000000, 0x00000000ecb80000, 0x0000000100000000)
  eden space 167936K, 42% used [0x00000000e0000000,0x00000000e45060f0,0x00000000ea400000)
  from space 14848K, 83% used [0x00000000eb380000,0x00000000ebf8bf50,0x00000000ec200000)
  to   space 15872K, 0% used [0x00000000ea400000,0x00000000ea400000,0x00000000eb380000)
 ParOldGen       total 69632K, used 24723K [0x00000000a0000000, 0x00000000a4400000, 0x00000000e0000000)
  object space 69632K, 35% used [0x00000000a0000000,0x00000000a1824f38,0x00000000a4400000)
 Metaspace       used 56584K, capacity 59054K, committed 59096K, reserved 1099776K
  class space    used 7548K, capacity 8044K, committed 8064K, reserved 1048576K
Event: 38.803 GC heap after
Heap after GC invocations=17 (full 2):
 PSYoungGen      total 183808K, used 6545K [0x00000000e0000000, 0x00000000eff80000, 0x0000000100000000)
  eden space 167936K, 0% used [0x00000000e0000000,0x00000000e0000000,0x00000000ea400000)
  from space 15872K, 41% used [0x00000000ea400000,0x00000000eaa64620,0x00000000eb380000)
  to   space 15360K, 0% used [0x00000000ef080000,0x00000000ef080000,0x00000000eff80000)
 ParOldGen       total 69632K, used 31336K [0x00000000a0000000, 0x00000000a4400000, 0x00000000e0000000)
  object space 69632K, 45% used [0x00000000a0000000,0x00000000a1e9a338,0x00000000a4400000)
 Metaspace       used 56584K, capacity 59054K, committed 59096K, reserved 1099776K
  class space    used 7548K, capacity 8044K, committed 8064K, reserved 1048576K
}
Event: 38.803 GC heap before
{Heap before GC invocations=18 (full 3):
 PSYoungGen      total 183808K, used 6545K [0x00000000e0000000, 0x00000000eff80000, 0x0000000100000000)
  eden space 167936K, 0% used [0x00000000e0000000,0x00000000e0000000,0x00000000ea400000)
  from space 15872K, 41% used [0x00000000ea400000,0x00000000eaa64620,0x00000000eb380000)
  to   space 15360K, 0% used [0x00000000ef080000,0x00000000ef080000,0x00000000eff80000)
 ParOldGen       total 69632K, used 31336K [0x00000000a0000000, 0x00000000a4400000, 0x00000000e0000000)
  object space 69632K, 45% used [0x00000000a0000000,0x00000000a1e9a338,0x00000000a4400000)
 Metaspace       used 56584K, capacity 59054K, committed 59096K, reserved 1099776K
  class space    used 7548K, capacity 8044K, committed 8064K, reserved 1048576K
Event: 39.108 GC heap after
Heap after GC invocations=18 (full 3):
 PSYoungGen      total 183808K, used 0K [0x00000000e0000000, 0x00000000eff80000, 0x0000000100000000)
  eden space 167936K, 0% used [0x00000000e0000000,0x00000000e0000000,0x00000000ea400000)
  from space 15872K, 0% used [0x00000000ea400000,0x00000000ea400000,0x00000000eb380000)
  to   space 15360K, 0% used [0x00000000ef080000,0x00000000ef080000,0x00000000eff80000)
 ParOldGen       total 104448K, used 36091K [0x00000000a0000000, 0x00000000a6600000, 0x00000000e0000000)
  object space 104448K, 34% used [0x00000000a0000000,0x00000000a233ee70,0x00000000a6600000)
 Metaspace       used 56575K, capacity 59024K, committed 59096K, reserved 1099776K
  class space    used 7546K, capacity 8039K, committed 8064K, reserved 1048576K
}
Event: 54.555 GC heap before
{Heap before GC invocations=19 (full 3):
 PSYoungGen      total 183808K, used 167936K [0x00000000e0000000, 0x00000000eff80000, 0x0000000100000000)
  eden space 167936K, 100% used [0x00000000e0000000,0x00000000ea400000,0x00000000ea400000)
  from space 15872K, 0% used [0x00000000ea400000,0x00000000ea400000,0x00000000eb380000)
  to   space 15360K, 0% used [0x00000000ef080000,0x00000000ef080000,0x00000000eff80000)
 ParOldGen       total 104448K, used 36091K [0x00000000a0000000, 0x00000000a6600000, 0x00000000e0000000)
  object space 104448K, 34% used [0x00000000a0000000,0x00000000a233ee70,0x00000000a6600000)
 Metaspace       used 63352K, capacity 66576K, committed 66688K, reserved 1105920K
  class space    used 8647K, capacity 9323K, committed 9344K, reserved 1048576K
Event: 54.582 GC heap after
Heap after GC invocations=19 (full 3):
 PSYoungGen      total 240128K, used 15331K [0x00000000e0000000, 0x00000000eff80000, 0x0000000100000000)
  eden space 224768K, 0% used [0x00000000e0000000,0x00000000e0000000,0x00000000edb80000)
  from space 15360K, 99% used [0x00000000ef080000,0x00000000eff78ce0,0x00000000eff80000)
  to   space 18432K, 0% used [0x00000000edb80000,0x00000000edb80000,0x00000000eed80000)
 ParOldGen       total 104448K, used 38585K [0x00000000a0000000, 0x00000000a6600000, 0x00000000e0000000)
  object space 104448K, 36% used [0x00000000a0000000,0x00000000a25ae530,0x00000000a6600000)
 Metaspace       used 63352K, capacity 66576K, committed 66688K, reserved 1105920K
  class space    used 8647K, capacity 9323K, committed 9344K, reserved 1048576K
}
Event: 86.138 GC heap before
{Heap before GC invocations=20 (full 3):
 PSYoungGen      total 240128K, used 240099K [0x00000000e0000000, 0x00000000eff80000, 0x0000000100000000)
  eden space 224768K, 100% used [0x00000000e0000000,0x00000000edb80000,0x00000000edb80000)
  from space 15360K, 99% used [0x00000000ef080000,0x00000000eff78ce0,0x00000000eff80000)
  to   space 18432K, 0% used [0x00000000edb80000,0x00000000edb80000,0x00000000eed80000)
 ParOldGen       total 104448K, used 38585K [0x00000000a0000000, 0x00000000a6600000, 0x00000000e0000000)
  object space 104448K, 36% used [0x00000000a0000000,0x00000000a25ae530,0x00000000a6600000)
 Metaspace       used 70110K, capacity 74784K, committed 75008K, reserved 1114112K
  class space    used 9609K, capacity 10637K, committed 10752K, reserved 1048576K
Event: 86.177 GC heap after
Heap after GC invocations=20 (full 3):
 PSYoungGen      total 243200K, used 18432K [0x00000000e0000000, 0x00000000f4100000, 0x0000000100000000)
  eden space 224768K, 0% used [0x00000000e0000000,0x00000000e0000000,0x00000000edb80000)
  from space 18432K, 100% used [0x00000000edb80000,0x00000000eed80000,0x00000000eed80000)
  to   space 29696K, 0% used [0x00000000f2400000,0x00000000f2400000,0x00000000f4100000)
 ParOldGen       total 104448K, used 60944K [0x00000000a0000000, 0x00000000a6600000, 0x00000000e0000000)
  object space 104448K, 58% used [0x00000000a0000000,0x00000000a3b84228,0x00000000a6600000)
 Metaspace       used 70110K, capacity 74784K, committed 75008K, reserved 1114112K
  class space    used 9609K, capacity 10637K, committed 10752K, reserved 1048576K
}

